2026-06-01 09:45:08 INFO  fr.epita.calculator.services.test.TestCalculatorWithJunit - test
2026-06-01 09:46:12 INFO  fr.epita.calculator.services.test.TestCalculatorWithJunit - test
2026-06-01 11:41:10 ERROR fr.epita.calculator.services.test.TestCalculatorWithJunit - test
2026-06-01 11:42:37 INFO  fr.epita.calculator.services.test.TestCalculatorWithJunit - test
2026-06-01 11:42:37 ERROR fr.epita.calculator.services.test.TestCalculatorWithJunit - test
2026-06-01 11:42:37 WARN  fr.epita.calculator.services.test.TestCalculatorWithJunit - 
2026-06-01 11:42:37 INFO  fr.epita.calculator.services.test.TestCalculatorWithJunit - test
2026-06-01 11:42:37 DEBUG fr.epita.calculator.services.test.TestCalculatorWithJunit - d
2026-06-01 11:56:00 INFO  fr.epita.calculator.services.test.TestCalculatorWithJunit - test
2026-06-01 11:56:00 ERROR fr.epita.calculator.services.test.TestCalculatorWithJunit - test
2026-06-01 11:56:00 WARN  fr.epita.calculator.services.test.TestCalculatorWithJunit - 
2026-06-01 11:56:00 INFO  fr.epita.calculator.services.test.TestCalculatorWithJunit - test
2026-06-01 11:56:00 DEBUG fr.epita.calculator.services.test.TestCalculatorWithJunit - d
2026-06-01 12:26:38 DEBUG org.springframework.test.context.support.DefaultTestContextBootstrapper - Using ContextCustomizerFactory implementations for test class [TestSpring]: [BeanOverrideContextCustomizerFactory, MockServerContainerContextCustomizerFactory, DynamicPropertiesContextCustomizerFactory]
2026-06-01 12:26:38 DEBUG org.springframework.test.context.support.DefaultTestContextBootstrapper - Using ContextCustomizers for test class [TestSpring]: [DynamicPropertiesContextCustomizer]
2026-06-01 12:26:38 DEBUG org.springframework.test.context.util.TestContextSpringFactoriesUtils - Skipping candidate TestExecutionListener [org.springframework.test.context.web.ServletTestExecutionListener] due to a missing dependency. Specify custom TestExecutionListener classes or make the default TestExecutionListener classes and their required dependencies available. Offending class: jakarta/servlet/ServletContext
2026-06-01 12:26:38 DEBUG org.springframework.test.context.util.TestContextSpringFactoriesUtils - Skipping candidate TestExecutionListener [org.springframework.test.context.observation.MicrometerObservationRegistryTestExecutionListener] due to a missing dependency. Specify custom TestExecutionListener classes or make the default TestExecutionListener classes and their required dependencies available. Offending class: io.micrometer.context.ThreadLocalAccessor. MicrometerObservationRegistryTestExecutionListener requires io.micrometer:micrometer-observation:1.10.8 or higher and io.micrometer:context-propagation:1.0.3 or higher.
2026-06-01 12:26:38 DEBUG org.springframework.test.context.util.TestContextSpringFactoriesUtils - Skipping candidate TestExecutionListener [org.springframework.test.context.transaction.TransactionalTestExecutionListener] due to a missing dependency. Specify custom TestExecutionListener classes or make the default TestExecutionListener classes and their required dependencies available. Offending class: org/springframework/transaction/interceptor/TransactionAttributeSource
2026-06-01 12:26:38 DEBUG org.springframework.test.context.util.TestContextSpringFactoriesUtils - Skipping candidate TestExecutionListener [org.springframework.test.context.jdbc.SqlScriptsTestExecutionListener] due to a missing dependency. Specify custom TestExecutionListener classes or make the default TestExecutionListener classes and their required dependencies available. Offending class: org/springframework/transaction/interceptor/TransactionAttribute
2026-06-01 12:26:38 DEBUG org.springframework.test.context.support.DefaultTestContextBootstrapper - Using TestExecutionListeners for test class [TestSpring]: [DirtiesContextBeforeModesTestExecutionListener, ApplicationEventsTestExecutionListener, BeanOverrideTestExecutionListener, DependencyInjectionTestExecutionListener, DirtiesContextTestExecutionListener, CommonCachesTestExecutionListener, EventPublishingTestExecutionListener, MockitoResetTestExecutionListener]
2026-06-01 12:26:38 DEBUG org.springframework.test.context.support.DirtiesContextBeforeModesTestExecutionListener - Before test class: class [TestSpring], class annotated with @DirtiesContext [false] with mode [null]
2026-06-01 12:26:38 DEBUG org.springframework.test.context.support.DependencyInjectionTestExecutionListener - Performing dependency injection for test class fr.epita.calculator.services.test.TestSpring
2026-06-01 12:26:38 DEBUG org.springframework.test.context.support.AbstractGenericContextLoader - Loading ApplicationContext for test class fr.epita.calculator.services.test.TestSpring
2026-06-01 12:26:38 DEBUG org.springframework.core.env.StandardEnvironment - Activating profiles []
2026-06-01 12:26:38 DEBUG org.springframework.test.context.support.AnnotationConfigContextLoader - Registering component classes: [fr.epita.calculator.services.test.TestConfig]
2026-06-01 12:26:38 DEBUG org.springframework.context.support.GenericApplicationContext - Refreshing org.springframework.context.support.GenericApplicationContext@178213b
2026-06-01 12:26:38 DEBUG org.springframework.beans.factory.support.DefaultListableBeanFactory - Creating shared instance of singleton bean 'org.springframework.context.annotation.internalConfigurationAnnotationProcessor'
2026-06-01 12:26:39 DEBUG org.springframework.beans.factory.support.DefaultListableBeanFactory - Creating shared instance of singleton bean 'org.springframework.context.event.internalEventListenerProcessor'
2026-06-01 12:26:39 DEBUG org.springframework.beans.factory.support.DefaultListableBeanFactory - Creating shared instance of singleton bean 'org.springframework.context.event.internalEventListenerFactory'
2026-06-01 12:26:39 DEBUG org.springframework.beans.factory.support.DefaultListableBeanFactory - Creating shared instance of singleton bean 'org.springframework.context.annotation.internalAutowiredAnnotationProcessor'
2026-06-01 12:26:39 DEBUG org.springframework.beans.factory.support.DefaultListableBeanFactory - Creating shared instance of singleton bean 'org.springframework.test.context.support.internalDynamicPropertyRegistrarBeanInitializer'
2026-06-01 12:26:39 DEBUG org.springframework.beans.factory.support.DefaultListableBeanFactory - Creating shared instance of singleton bean 'testConfig'
2026-06-01 12:26:39 DEBUG org.springframework.beans.factory.support.DefaultListableBeanFactory - Creating shared instance of singleton bean 'version'
2026-06-01 12:26:39 DEBUG org.springframework.test.context.cache - Spring test ApplicationContext cache statistics: [DefaultContextCache@1494b84d size = 1, maxSize = 32, parentContextCount = 0, hitCount = 0, missCount = 1, failureCount = 0]
2026-06-01 12:26:39 DEBUG org.springframework.test.context.cache - Spring test ApplicationContext cache statistics: [DefaultContextCache@1494b84d size = 1, maxSize = 32, parentContextCount = 0, hitCount = 1, missCount = 1, failureCount = 0]
2026-06-01 12:26:39 DEBUG org.springframework.test.context.support.DirtiesContextBeforeModesTestExecutionListener - Before test method: class [TestSpring], method [test], class annotated with @DirtiesContext [false] with mode [null], method annotated with @DirtiesContext [false] with mode [null]
2026-06-01 12:26:39 DEBUG org.springframework.test.context.cache - Spring test ApplicationContext cache statistics: [DefaultContextCache@1494b84d size = 1, maxSize = 32, parentContextCount = 0, hitCount = 2, missCount = 1, failureCount = 0]
2026-06-01 12:26:39 DEBUG org.springframework.test.context.cache - Spring test ApplicationContext cache statistics: [DefaultContextCache@1494b84d size = 1, maxSize = 32, parentContextCount = 0, hitCount = 3, missCount = 1, failureCount = 0]
2026-06-01 12:26:39 DEBUG org.springframework.test.context.cache - Spring test ApplicationContext cache statistics: [DefaultContextCache@1494b84d size = 1, maxSize = 32, parentContextCount = 0, hitCount = 4, missCount = 1, failureCount = 0]
2026-06-01 12:26:39 DEBUG org.springframework.test.context.cache - Spring test ApplicationContext cache statistics: [DefaultContextCache@1494b84d size = 1, maxSize = 32, parentContextCount = 0, hitCount = 5, missCount = 1, failureCount = 0]
2026-06-01 12:26:39 DEBUG org.springframework.test.context.support.DirtiesContextTestExecutionListener - After test method: class [TestSpring], method [test], class annotated with @DirtiesContext [false] with mode [null], method annotated with @DirtiesContext [false] with mode [null]
2026-06-01 12:26:39 DEBUG org.springframework.test.context.cache - Spring test ApplicationContext cache statistics: [DefaultContextCache@1494b84d size = 1, maxSize = 32, parentContextCount = 0, hitCount = 6, missCount = 1, failureCount = 0]
2026-06-01 12:26:39 DEBUG org.springframework.test.context.cache - Spring test ApplicationContext cache statistics: [DefaultContextCache@1494b84d size = 1, maxSize = 32, parentContextCount = 0, hitCount = 7, missCount = 1, failureCount = 0]
2026-06-01 12:26:39 DEBUG org.springframework.test.context.support.DirtiesContextTestExecutionListener - After test class: class [TestSpring], class annotated with @DirtiesContext [false] with mode [null]
2026-06-01 12:26:39 DEBUG org.springframework.context.support.GenericApplicationContext - Closing org.springframework.context.support.GenericApplicationContext@178213b, started on Mon Jun 01 12:26:38 CEST 2026
2026-06-01 12:28:10 DEBUG org.springframework.test.context.support.DefaultTestContextBootstrapper - Using ContextCustomizerFactory implementations for test class [TestSpring]: [BeanOverrideContextCustomizerFactory, MockServerContainerContextCustomizerFactory, DynamicPropertiesContextCustomizerFactory]
2026-06-01 12:28:10 DEBUG org.springframework.test.context.support.DefaultTestContextBootstrapper - Using ContextCustomizers for test class [TestSpring]: [DynamicPropertiesContextCustomizer]
2026-06-01 12:28:10 DEBUG org.springframework.test.context.util.TestContextSpringFactoriesUtils - Skipping candidate TestExecutionListener [org.springframework.test.context.web.ServletTestExecutionListener] due to a missing dependency. Specify custom TestExecutionListener classes or make the default TestExecutionListener classes and their required dependencies available. Offending class: jakarta/servlet/ServletContext
2026-06-01 12:28:10 DEBUG org.springframework.test.context.util.TestContextSpringFactoriesUtils - Skipping candidate TestExecutionListener [org.springframework.test.context.observation.MicrometerObservationRegistryTestExecutionListener] due to a missing dependency. Specify custom TestExecutionListener classes or make the default TestExecutionListener classes and their required dependencies available. Offending class: io.micrometer.context.ThreadLocalAccessor. MicrometerObservationRegistryTestExecutionListener requires io.micrometer:micrometer-observation:1.10.8 or higher and io.micrometer:context-propagation:1.0.3 or higher.
2026-06-01 12:28:10 DEBUG org.springframework.test.context.util.TestContextSpringFactoriesUtils - Skipping candidate TestExecutionListener [org.springframework.test.context.transaction.TransactionalTestExecutionListener] due to a missing dependency. Specify custom TestExecutionListener classes or make the default TestExecutionListener classes and their required dependencies available. Offending class: org/springframework/transaction/interceptor/TransactionAttributeSource
2026-06-01 12:28:10 DEBUG org.springframework.test.context.util.TestContextSpringFactoriesUtils - Skipping candidate TestExecutionListener [org.springframework.test.context.jdbc.SqlScriptsTestExecutionListener] due to a missing dependency. Specify custom TestExecutionListener classes or make the default TestExecutionListener classes and their required dependencies available. Offending class: org/springframework/transaction/interceptor/TransactionAttribute
2026-06-01 12:28:10 DEBUG org.springframework.test.context.support.DefaultTestContextBootstrapper - Using TestExecutionListeners for test class [TestSpring]: [DirtiesContextBeforeModesTestExecutionListener, ApplicationEventsTestExecutionListener, BeanOverrideTestExecutionListener, DependencyInjectionTestExecutionListener, DirtiesContextTestExecutionListener, CommonCachesTestExecutionListener, EventPublishingTestExecutionListener, MockitoResetTestExecutionListener]
2026-06-01 12:28:10 DEBUG org.springframework.test.context.support.DirtiesContextBeforeModesTestExecutionListener - Before test class: class [TestSpring], class annotated with @DirtiesContext [false] with mode [null]
2026-06-01 12:28:10 DEBUG org.springframework.test.context.support.DependencyInjectionTestExecutionListener - Performing dependency injection for test class fr.epita.calculator.services.test.TestSpring
2026-06-01 12:28:10 DEBUG org.springframework.test.context.support.AbstractGenericContextLoader - Loading ApplicationContext for test class fr.epita.calculator.services.test.TestSpring
2026-06-01 12:28:10 DEBUG org.springframework.core.env.StandardEnvironment - Activating profiles []
2026-06-01 12:28:10 DEBUG org.springframework.test.context.support.AnnotationConfigContextLoader - Registering component classes: [fr.epita.calculator.services.test.TestConfig]
2026-06-01 12:28:10 DEBUG org.springframework.context.support.GenericApplicationContext - Refreshing org.springframework.context.support.GenericApplicationContext@3b00856b
2026-06-01 12:28:10 DEBUG org.springframework.beans.factory.support.DefaultListableBeanFactory - Creating shared instance of singleton bean 'org.springframework.context.annotation.internalConfigurationAnnotationProcessor'
2026-06-01 12:28:10 DEBUG org.springframework.beans.factory.support.DefaultListableBeanFactory - Creating shared instance of singleton bean 'org.springframework.context.event.internalEventListenerProcessor'
2026-06-01 12:28:10 DEBUG org.springframework.beans.factory.support.DefaultListableBeanFactory - Creating shared instance of singleton bean 'org.springframework.context.event.internalEventListenerFactory'
2026-06-01 12:28:10 DEBUG org.springframework.beans.factory.support.DefaultListableBeanFactory - Creating shared instance of singleton bean 'org.springframework.context.annotation.internalAutowiredAnnotationProcessor'
2026-06-01 12:28:10 DEBUG org.springframework.beans.factory.support.DefaultListableBeanFactory - Creating shared instance of singleton bean 'org.springframework.test.context.support.internalDynamicPropertyRegistrarBeanInitializer'
2026-06-01 12:28:10 DEBUG org.springframework.beans.factory.support.DefaultListableBeanFactory - Creating shared instance of singleton bean 'testConfig'
2026-06-01 12:28:10 DEBUG org.springframework.beans.factory.support.DefaultListableBeanFactory - Creating shared instance of singleton bean 'version'
2026-06-01 12:28:10 DEBUG org.springframework.test.context.cache - Spring test ApplicationContext cache statistics: [DefaultContextCache@3deb2326 size = 1, maxSize = 32, parentContextCount = 0, hitCount = 0, missCount = 1, failureCount = 0]
2026-06-01 12:28:10 DEBUG org.springframework.test.context.cache - Spring test ApplicationContext cache statistics: [DefaultContextCache@3deb2326 size = 1, maxSize = 32, parentContextCount = 0, hitCount = 1, missCount = 1, failureCount = 0]
2026-06-01 12:28:10 DEBUG org.springframework.test.context.support.DirtiesContextBeforeModesTestExecutionListener - Before test method: class [TestSpring], method [test], class annotated with @DirtiesContext [false] with mode [null], method annotated with @DirtiesContext [false] with mode [null]
2026-06-01 12:28:10 DEBUG org.springframework.test.context.cache - Spring test ApplicationContext cache statistics: [DefaultContextCache@3deb2326 size = 1, maxSize = 32, parentContextCount = 0, hitCount = 2, missCount = 1, failureCount = 0]
2026-06-01 12:28:10 DEBUG org.springframework.test.context.cache - Spring test ApplicationContext cache statistics: [DefaultContextCache@3deb2326 size = 1, maxSize = 32, parentContextCount = 0, hitCount = 3, missCount = 1, failureCount = 0]
2026-06-01 12:28:10 INFO  fr.epita.calculator.services.test.TestSpring - version 1.0.1
2026-06-01 12:28:10 DEBUG org.springframework.test.context.cache - Spring test ApplicationContext cache statistics: [DefaultContextCache@3deb2326 size = 1, maxSize = 32, parentContextCount = 0, hitCount = 4, missCount = 1, failureCount = 0]
2026-06-01 12:28:10 DEBUG org.springframework.test.context.cache - Spring test ApplicationContext cache statistics: [DefaultContextCache@3deb2326 size = 1, maxSize = 32, parentContextCount = 0, hitCount = 5, missCount = 1, failureCount = 0]
2026-06-01 12:28:10 DEBUG org.springframework.test.context.support.DirtiesContextTestExecutionListener - After test method: class [TestSpring], method [test], class annotated with @DirtiesContext [false] with mode [null], method annotated with @DirtiesContext [false] with mode [null]
2026-06-01 12:28:10 DEBUG org.springframework.test.context.cache - Spring test ApplicationContext cache statistics: [DefaultContextCache@3deb2326 size = 1, maxSize = 32, parentContextCount = 0, hitCount = 6, missCount = 1, failureCount = 0]
2026-06-01 12:28:10 DEBUG org.springframework.test.context.cache - Spring test ApplicationContext cache statistics: [DefaultContextCache@3deb2326 size = 1, maxSize = 32, parentContextCount = 0, hitCount = 7, missCount = 1, failureCount = 0]
2026-06-01 12:28:10 DEBUG org.springframework.test.context.support.DirtiesContextTestExecutionListener - After test class: class [TestSpring], class annotated with @DirtiesContext [false] with mode [null]
2026-06-01 12:28:10 DEBUG org.springframework.context.support.GenericApplicationContext - Closing org.springframework.context.support.GenericApplicationContext@3b00856b, started on Mon Jun 01 12:28:10 CEST 2026
